INFO 05/15/2025 01:30:51 PM:  BartForSequenceClassification(
  (model): BartModel(
    (shared): BartScaledWordEmbedding(50265, 768, padding_idx=1)
    (encoder): BartEncoder(
      (embed_tokens): BartScaledWordEmbedding(50265, 768, padding_idx=1)
      (embed_positions): BartLearnedPositionalEmbedding(1026, 768)
      (layers): ModuleList(
        (0-5): 6 x BartEncoderLayer(
          (self_attn): BartSdpaAttention(
            (k_proj): Linear4bit(in_features=768, out_features=768, bias=True)
            (v_proj): Linear4bit(in_features=768, out_features=768, bias=True)
            (q_proj): Linear4bit(in_features=768, out_features=768, bias=True)
            (out_proj): Linear4bit(in_features=768, out_features=768, bias=True)
          )
          (self_attn_layer_norm): LayerNorm((768,), eps=1e-05, elementwise_affine=True)
          (activation_fn): GELUActivation()
          (fc1): Linear4bit(in_features=768, out_features=3072, bias=True)
          (fc2): Linear4bit(in_features=3072, out_features=768, bias=True)
          (final_layer_norm): LayerNorm((768,), eps=1e-05, elementwise_affine=True)
        )
      )
      (layernorm_embedding): LayerNorm((768,), eps=1e-05, elementwise_affine=True)
    )
    (decoder): BartDecoder(
      (embed_tokens): BartScaledWordEmbedding(50265, 768, padding_idx=1)
      (embed_positions): BartLearnedPositionalEmbedding(1026, 768)
      (layers): ModuleList(
        (0-5): 6 x BartDecoderLayer(
          (self_attn): BartSdpaAttention(
            (k_proj): Linear4bit(in_features=768, out_features=768, bias=True)
            (v_proj): Linear4bit(in_features=768, out_features=768, bias=True)
            (q_proj): Linear4bit(in_features=768, out_features=768, bias=True)
            (out_proj): Linear4bit(in_features=768, out_features=768, bias=True)
          )
          (activation_fn): GELUActivation()
          (self_attn_layer_norm): LayerNorm((768,), eps=1e-05, elementwise_affine=True)
          (encoder_attn): BartSdpaAttention(
            (k_proj): Linear4bit(in_features=768, out_features=768, bias=True)
            (v_proj): Linear4bit(in_features=768, out_features=768, bias=True)
            (q_proj): Linear4bit(in_features=768, out_features=768, bias=True)
            (out_proj): Linear4bit(in_features=768, out_features=768, bias=True)
          )
          (encoder_attn_layer_norm): LayerNorm((768,), eps=1e-05, elementwise_affine=True)
          (fc1): Linear4bit(in_features=768, out_features=3072, bias=True)
          (fc2): Linear4bit(in_features=3072, out_features=768, bias=True)
          (final_layer_norm): LayerNorm((768,), eps=1e-05, elementwise_affine=True)
        )
      )
      (layernorm_embedding): LayerNorm((768,), eps=1e-05, elementwise_affine=True)
    )
  )
  (classification_head): BartClassificationHead(
    (dense): Linear4bit(in_features=768, out_features=768, bias=True)
    (dropout): Dropout(p=0.0, inplace=False)
    (out_proj): Linear(in_features=768, out_features=2, bias=True)
  )
)
INFO 05/15/2025 01:31:10 PM:  Printing the statistics of prompts' sizes queried to model = facebook/bart-base
INFO 05/15/2025 01:31:10 PM:  Minimum: 15
INFO 05/15/2025 01:31:10 PM:  Maximum: 61
INFO 05/15/2025 01:31:10 PM:  Median: 23.0
INFO 05/15/2025 01:31:10 PM:  Mean: 24.28014505893019
