INFO 08/22/2025 08:08:13 PM:  There are 1 GPUs:
INFO 08/22/2025 08:08:13 PM:    GPU 0: NVIDIA T600 Laptop GPU
INFO 08/22/2025 08:08:15 PM:  BartForCausalLM(
  (model): BartDecoderWrapper(
    (decoder): BartDecoder(
      (embed_tokens): BartScaledWordEmbedding(50265, 768, padding_idx=1)
      (embed_positions): BartLearnedPositionalEmbedding(1026, 768)
      (layers): ModuleList(
        (0-5): 6 x BartDecoderLayer(
          (self_attn): BartSdpaAttention(
            (k_proj): Linear4bit(in_features=768, out_features=768, bias=True)
            (v_proj): Linear4bit(in_features=768, out_features=768, bias=True)
            (q_proj): Linear4bit(in_features=768, out_features=768, bias=True)
            (out_proj): Linear4bit(in_features=768, out_features=768, bias=True)
          )
          (activation_fn): GELUActivation()
          (self_attn_layer_norm): LayerNorm((768,), eps=1e-05, elementwise_affine=True)
          (encoder_attn): BartSdpaAttention(
            (k_proj): Linear4bit(in_features=768, out_features=768, bias=True)
            (v_proj): Linear4bit(in_features=768, out_features=768, bias=True)
            (q_proj): Linear4bit(in_features=768, out_features=768, bias=True)
            (out_proj): Linear4bit(in_features=768, out_features=768, bias=True)
          )
          (encoder_attn_layer_norm): LayerNorm((768,), eps=1e-05, elementwise_affine=True)
          (fc1): Linear4bit(in_features=768, out_features=3072, bias=True)
          (fc2): Linear4bit(in_features=3072, out_features=768, bias=True)
          (final_layer_norm): LayerNorm((768,), eps=1e-05, elementwise_affine=True)
        )
      )
      (layernorm_embedding): LayerNorm((768,), eps=1e-05, elementwise_affine=True)
    )
  )
  (lm_head): Linear(in_features=768, out_features=50265, bias=False)
)
